<?xml version="1.0" encoding="UTF-8"?>
<testng-results ignored="0" total="1" passed="1" failed="0" skipped="0">
  <reporter-output>
  </reporter-output>
  <suite started-at="2024-04-05T10:45:00 IST" name="Default suite" finished-at="2024-04-05T10:45:59 IST" duration-ms="58783">
    <groups>
    </groups>
    <test started-at="2024-04-05T10:45:00 IST" name="Default test" finished-at="2024-04-05T10:45:59 IST" duration-ms="58783">
      <class name="VarshaKharage.ExtentReports.ExtentReportDemo">
        <test-method is-config="true" signature="config()[pri:0, instance:VarshaKharage.ExtentReports.ExtentReportDemo@3270d194]" started-at="2024-04-05T10:45:00 IST" name="config" finished-at="2024-04-05T10:45:01 IST" duration-ms="408" status="PASS">
          <reporter-output>
          </reporter-output>
        </test-method> <!-- config -->
        <test-method signature="initialDemo()[pri:0, instance:VarshaKharage.ExtentReports.ExtentReportDemo@3270d194]" started-at="2024-04-05T10:45:01 IST" name="initialDemo" finished-at="2024-04-05T10:45:59 IST" duration-ms="58303" status="PASS">
          <reporter-output>
          </reporter-output>
        </test-method> <!-- initialDemo -->
      </class> <!-- VarshaKharage.ExtentReports.ExtentReportDemo -->
    </test> <!-- Default test -->
  </suite> <!-- Default suite -->
</testng-results>
